Arguments: 
  /home/delhivery/.nvm/versions/node/v16.0.0/bin/node /home/delhivery/.nvm/versions/node/v16.0.0/bin/yarn

PATH: 
  /home/delhivery/.nvm/versions/node/v16.0.0/bin:/usr/local/sbin:/usr/local/bin:/usr/sbin:/usr/bin:/sbin:/bin:/usr/games:/usr/local/games:/snap/bin:/home/delhivery/Android/Sdk/emulator:/home/delhivery/Android/Sdk/tools:/home/delhivery/Android/Sdk/tools/bin:/home/delhivery/Android/Sdk/platform-tools

Yarn version: 
  1.22.10

Node version: 
  16.0.0

Platform: 
  linux x64

Trace: 
  Invariant Violation: Commit hash required
      at invariant (/home/delhivery/.nvm/versions/node/v16.0.0/lib/node_modules/yarn/lib/cli.js:2314:15)
      at GitFetcher.<anonymous> (/home/delhivery/.nvm/versions/node/v16.0.0/lib/node_modules/yarn/lib/cli.js:92813:7)
      at Generator.next (<anonymous>)
      at step (/home/delhivery/.nvm/versions/node/v16.0.0/lib/node_modules/yarn/lib/cli.js:310:30)
      at /home/delhivery/.nvm/versions/node/v16.0.0/lib/node_modules/yarn/lib/cli.js:328:14
      at new Promise (<anonymous>)
      at new F (/home/delhivery/.nvm/versions/node/v16.0.0/lib/node_modules/yarn/lib/cli.js:5301:28)
      at GitFetcher.<anonymous> (/home/delhivery/.nvm/versions/node/v16.0.0/lib/node_modules/yarn/lib/cli.js:307:12)
      at GitFetcher.fetchFromExternal (/home/delhivery/.nvm/versions/node/v16.0.0/lib/node_modules/yarn/lib/cli.js:92831:20)
      at /home/delhivery/.nvm/versions/node/v16.0.0/lib/node_modules/yarn/lib/cli.js:92981:21

npm manifest: 
  {
    "name": "test2",
    "version": "1.0.0",
    "description": "",
    "main": "index.js",
    "scripts": {
      "test": "echo \"Error: no test specified\" && exit 1"
    },
    "repository": {
      "type": "git",
      "url": "git@github-personal:gauravjadwani/test2.git"
    },
    "author": "",
    "license": "ISC",
    "dependencies": {
      "test1": "github:gauravjadwani/test1"
    }
  }

yarn manifest: 
  No manifest

Lockfile: 
  # THIS IS AN AUTOGENERATED FILE. DO NOT EDIT THIS FILE DIRECTLY.
  # yarn lockfile v1
  
  
  "axios@^0.1.0":
    "integrity" "sha1-hU4U8pmcLvf6sFhlT9mV3Rg2iPI="
    "resolved" "https://registry.npmjs.org/axios/-/axios-0.1.0.tgz"
    "version" "0.1.0"
    dependencies:
      "es6-promise" "^1.0.0"
  
  "axios@^0.23.0":
    "integrity" "sha512-NmvAE4i0YAv5cKq8zlDoPd1VLKAqX5oLuZKs8xkJa4qi6RGn0uhCYFjWtHHC9EM/MwOwYWOs53W+V0aqEXq1sg=="
    "resolved" "https://registry.npmjs.org/axios/-/axios-0.23.0.tgz"
    "version" "0.23.0"
    dependencies:
      "follow-redirects" "^1.14.4"
  
  "es6-promise@^1.0.0":
    "integrity" "sha1-+Q02KfqnwmFmrk33fIm6zeuNyn8="
    "resolved" "https://registry.npmjs.org/es6-promise/-/es6-promise-1.0.0.tgz"
    "version" "1.0.0"
  
  "follow-redirects@^1.14.4":
    "integrity" "sha512-zwGkiSXC1MUJG/qmeIFH2HBJx9u0V46QGUe3YR1fXG8bXQxq7fLj0RjLZQ5nubr9qNJUZrH+xUcwXEoXNpfS+g=="
    "resolved" "https://registry.npmjs.org/follow-redirects/-/follow-redirects-1.14.4.tgz"
    "version" "1.14.4"
  
  "test1@github:gauravjadwani/test1":
    "integrity" "sha512-FopY9EEeDvqxD3oigv3gLjDmziijFycfA+B+a6UCqmsFx1U8RaJbLWj9BAFk6UYQxFGDaHN4LZY8/QpNP6TXXg=="
    "resolved" "git+ssh://git@github.com/gauravjadwani/test1.git"
    "version" "1.0.0"
    dependencies:
      "axios" "^0.23.0"
